<?xml version="1.0" encoding="UTF-8"?>
<!-- Generated by org.testng.reporters.JUnitReportReporter -->
<testsuite hostname="Rithik" failures="0" tests="1" name="restassuredProject.RestAssuredBaseUrl" time="4.738" errors="0" timestamp="2023-12-23T12:56:04 IST" skipped="0">
  <testcase classname="restassuredProject.RestAssuredBaseUrl" name="baseURL" time="4.738"/>
  <system-out/>
</testsuite> <!-- restassuredProject.RestAssuredBaseUrl -->
