<?xml version="1.0" encoding="UTF-8"?>
<!-- Generated by org.testng.reporters.JUnitReportReporter -->
<testsuite hostname="Rithik" failures="0" tests="1" name="restassuredProject.RestAssuredGetUser" time="2.729" errors="0" timestamp="2023-12-23T12:57:18 IST" skipped="0">
  <testcase classname="restassuredProject.RestAssuredGetUser" name="getUser" time="2.729"/>
  <system-out/>
</testsuite> <!-- restassuredProject.RestAssuredGetUser -->
