<?xml version="1.0" encoding="UTF-8"?>
<!-- Generated by org.testng.reporters.JUnitReportReporter -->
<testsuite hostname="Rithik" failures="0" tests="1" name="restassuredProject.RestAssuredProjectScripts" time="3.425" errors="0" timestamp="2023-12-21T15:33:51 IST" skipped="0">
  <testcase classname="restassuredProject.RestAssuredProjectScripts" name="registerUser" time="3.425"/>
  <system-out/>
</testsuite> <!-- restassuredProject.RestAssuredProjectScripts -->
