<?xml version="1.0" encoding="UTF-8"?>
<!-- Generated by org.testng.reporters.JUnitReportReporter -->
<testsuite hostname="Rithik" failures="0" tests="1" name="restassuredProject.RestAssuredRegisterUser" time="2.543" errors="0" timestamp="2023-12-23T12:59:58 IST" skipped="0">
  <testcase classname="restassuredProject.RestAssuredRegisterUser" name="registerUser" time="2.543"/>
  <system-out/>
</testsuite> <!-- restassuredProject.RestAssuredRegisterUser -->
